 * Environment: production
   WARNING: This is a development server. Do not use it in a production deployment.
   Use a production WSGI server instead.
 * Debug mode: off
Traceback (most recent call last):
  File "/usr/lib/python3.8/runpy.py", line 194, in _run_module_as_main
    return _run_code(code, main_globals, None,
  File "/usr/lib/python3.8/runpy.py", line 87, in _run_code
    exec(code, run_globals)
  File "/home/user/venv/lib/python3.8/site-packages/flask/__main__.py", line 3, in <module>
    main()
  File "/home/user/venv/lib/python3.8/site-packages/flask/cli.py", line 988, in main
    cli.main()
  File "/home/user/venv/lib/python3.8/site-packages/flask/cli.py", line 579, in main
    return super().main(*args, **kwargs)
  File "/home/user/venv/lib/python3.8/site-packages/click/core.py", line 1055, in main
    rv = self.invoke(ctx)
  File "/home/user/venv/lib/python3.8/site-packages/click/core.py", line 1657, in invoke
    return _process_result(sub_ctx.command.invoke(sub_ctx))
  File "/home/user/venv/lib/python3.8/site-packages/click/core.py", line 1404, in invoke
    return ctx.invoke(self.callback, **ctx.params)
  File "/home/user/venv/lib/python3.8/site-packages/click/core.py", line 760, in invoke
    return __callback(*args, **kwargs)
  File "/home/user/venv/lib/python3.8/site-packages/click/decorators.py", line 84, in new_func
    return ctx.invoke(f, obj, *args, **kwargs)
  File "/home/user/venv/lib/python3.8/site-packages/click/core.py", line 760, in invoke
    return __callback(*args, **kwargs)
  File "/home/user/venv/lib/python3.8/site-packages/flask/cli.py", line 850, in run_command
    app = DispatchingApp(info.load_app, use_eager_loading=eager_loading)
  File "/home/user/venv/lib/python3.8/site-packages/flask/cli.py", line 299, in __init__
    self._load_unlocked()
  File "/home/user/venv/lib/python3.8/site-packages/flask/cli.py", line 333, in _load_unlocked
    self._app = rv = self.loader()
  File "/home/user/venv/lib/python3.8/site-packages/flask/cli.py", line 393, in load_app
    app = locate_app(import_name, None, raise_if_not_found=False)
  File "/home/user/venv/lib/python3.8/site-packages/flask/cli.py", line 234, in locate_app
    __import__(module_name)
  File "/home/user/Med-Assist/app.py", line 53
    return render_template("homepage/basicform.html", users=all_data, users=users)
                                                                      ^
SyntaxError: keyword argument repeated
